# JRE version: Java(TM) SE Runtime Environment (8.0_144-b01) (build 1.8.0_144-b01)
# Java VM: Java HotSpot(TM) 64-Bit Server VM (25.144-b01 mixed mode windows-amd64 compressed oops)
Heap:
 PSYoungGen      total 272896K, used 165166K [0x000000076b180000, 0x000000077c680000, 0x00000007c0000000)
  eden space 262144K, 58% used [0x000000076b180000,0x0000000774852788,0x000000077b180000)
  from space 10752K, 99% used [0x000000077b180000,0x000000077bbf9158,0x000000077bc00000)
  to   space 10752K, 0% used [0x000000077bc00000,0x000000077bc00000,0x000000077c680000)
 ParOldGen       total 175104K, used 78626K [0x00000006c1400000, 0x00000006cbf00000, 0x000000076b180000)
  object space 175104K, 44% used [0x00000006c1400000,0x00000006c60c8ae8,0x00000006cbf00000)
 Metaspace       used 9830K, capacity 10064K, committed 10240K, reserved 1058816K
  class space    used 1120K, capacity 1204K, committed 1280K, reserved 1048576K
GC Heap History (10 events):
Event: 1.132 GC heap before
{Heap before GC invocations=1 (full 0):
 PSYoungGen      total 76288K, used 65536K [0x000000076b180000, 0x0000000770680000, 0x00000007c0000000)
  eden space 65536K, 100% used [0x000000076b180000,0x000000076f180000,0x000000076f180000)
  from space 10752K, 0% used [0x000000076fc00000,0x000000076fc00000,0x0000000770680000)
  to   space 10752K, 0% used [0x000000076f180000,0x000000076f180000,0x000000076fc00000)
 ParOldGen       total 175104K, used 0K [0x00000006c1400000, 0x00000006cbf00000, 0x000000076b180000)
  object space 175104K, 0% used [0x00000006c1400000,0x00000006c1400000,0x00000006cbf00000)
 Metaspace       used 8654K, capacity 8852K, committed 9088K, reserved 1056768K
  class space    used 974K, capacity 1042K, committed 1152K, reserved 1048576K
Event: 1.152 GC heap after
Heap after GC invocations=1 (full 0):
 PSYoungGen      total 76288K, used 10720K [0x000000076b180000, 0x0000000774680000, 0x00000007c0000000)
  eden space 65536K, 0% used [0x000000076b180000,0x000000076b180000,0x000000076f180000)
  from space 10752K, 99% used [0x000000076f180000,0x000000076fbf8010,0x000000076fc00000)
  to   space 10752K, 0% used [0x0000000773c00000,0x0000000773c00000,0x0000000774680000)
 ParOldGen       total 175104K, used 30901K [0x00000006c1400000, 0x00000006cbf00000, 0x000000076b180000)
  object space 175104K, 17% used [0x00000006c1400000,0x00000006c322d738,0x00000006cbf00000)
 Metaspace       used 8654K, capacity 8852K, committed 9088K, reserved 1056768K
  class space    used 974K, capacity 1042K, committed 1152K, reserved 1048576K
}
Event: 1.309 GC heap before
{Heap before GC invocations=2 (full 0):
 PSYoungGen      total 76288K, used 76256K [0x000000076b180000, 0x0000000774680000, 0x00000007c0000000)
  eden space 65536K, 100% used [0x000000076b180000,0x000000076f180000,0x000000076f180000)
  from space 10752K, 99% used [0x000000076f180000,0x000000076fbf8010,0x000000076fc00000)
  to   space 10752K, 0% used [0x0000000773c00000,0x0000000773c00000,0x0000000774680000)
 ParOldGen       total 175104K, used 30901K [0x00000006c1400000, 0x00000006cbf00000, 0x000000076b180000)
  object space 175104K, 17% used [0x00000006c1400000,0x00000006c322d738,0x00000006cbf00000)
 Metaspace       used 8692K, capacity 8916K, committed 9088K, reserved 1056768K
  class space    used 974K, capacity 1042K, committed 1152K, reserved 1048576K
Event: 1.327 GC heap after
Heap after GC invocations=2 (full 0):
 PSYoungGen      total 141824K, used 10736K [0x000000076b180000, 0x0000000774680000, 0x00000007c0000000)
  eden space 131072K, 0% used [0x000000076b180000,0x000000076b180000,0x0000000773180000)
  from space 10752K, 99% used [0x0000000773c00000,0x000000077467c040,0x0000000774680000)
  to   space 10752K, 0% used [0x0000000773180000,0x0000000773180000,0x0000000773c00000)
 ParOldGen       total 175104K, used 56941K [0x00000006c1400000, 0x00000006cbf00000, 0x000000076b180000)
  object space 175104K, 32% used [0x00000006c1400000,0x00000006c4b9b738,0x00000006cbf00000)
 Metaspace       used 8692K, capacity 8916K, committed 9088K, reserved 1056768K
  class space    used 974K, capacity 1042K, committed 1152K, reserved 1048576K
}
Event: 1.460 GC heap before
{Heap before GC invocations=3 (full 0):
 PSYoungGen      total 141824K, used 141808K [0x000000076b180000, 0x0000000774680000, 0x00000007c0000000)
  eden space 131072K, 100% used [0x000000076b180000,0x0000000773180000,0x0000000773180000)
  from space 10752K, 99% used [0x0000000773c00000,0x000000077467c040,0x0000000774680000)
  to   space 10752K, 0% used [0x0000000773180000,0x0000000773180000,0x0000000773c00000)
 ParOldGen       total 175104K, used 56941K [0x00000006c1400000, 0x00000006cbf00000, 0x000000076b180000)
  object space 175104K, 32% used [0x00000006c1400000,0x00000006c4b9b738,0x00000006cbf00000)
 Metaspace       used 9073K, capacity 9300K, committed 9600K, reserved 1058816K
  class space    used 1028K, capacity 1106K, committed 1152K, reserved 1048576K
Event: 1.476 GC heap after
Heap after GC invocations=3 (full 0):
 PSYoungGen      total 141824K, used 10736K [0x000000076b180000, 0x000000077c680000, 0x00000007c0000000)
  eden space 131072K, 0% used [0x000000076b180000,0x000000076b180000,0x0000000773180000)
  from space 10752K, 99% used [0x0000000773180000,0x0000000773bfc010,0x0000000773c00000)
  to   space 10752K, 0% used [0x000000077bc00000,0x000000077bc00000,0x000000077c680000)
 ParOldGen       total 175104K, used 69542K [0x00000006c1400000, 0x00000006cbf00000, 0x000000076b180000)
  object space 175104K, 39% used [0x00000006c1400000,0x00000006c57e9a60,0x00000006cbf00000)
 Metaspace       used 9073K, capacity 9300K, committed 9600K, reserved 1058816K
  class space    used 1028K, capacity 1106K, committed 1152K, reserved 1048576K
}
Event: 2.027 GC heap before
{Heap before GC invocations=4 (full 0):
 PSYoungGen      total 141824K, used 141808K [0x000000076b180000, 0x000000077c680000, 0x00000007c0000000)
  eden space 131072K, 100% used [0x000000076b180000,0x0000000773180000,0x0000000773180000)
  from space 10752K, 99% used [0x0000000773180000,0x0000000773bfc010,0x0000000773c00000)
  to   space 10752K, 0% used [0x000000077bc00000,0x000000077bc00000,0x000000077c680000)
 ParOldGen       total 175104K, used 69542K [0x00000006c1400000, 0x00000006cbf00000, 0x000000076b180000)
  object space 175104K, 39% used [0x00000006c1400000,0x00000006c57e9a60,0x00000006cbf00000)
 Metaspace       used 9813K, capacity 10064K, committed 10240K, reserved 1058816K
  class space    used 1120K, capacity 1204K, committed 1280K, reserved 1048576K
Event: 2.045 GC heap after
Heap after GC invocations=4 (full 0):
 PSYoungGen      total 272896K, used 10740K [0x000000076b180000, 0x000000077c680000, 0x00000007c0000000)
  eden space 262144K, 0% used [0x000000076b180000,0x000000076b180000,0x000000077b180000)
  from space 10752K, 99% used [0x000000077bc00000,0x000000077c67d168,0x000000077c680000)
  to   space 10752K, 0% used [0x000000077b180000,0x000000077b180000,0x000000077bc00000)
 ParOldGen       total 175104K, used 78498K [0x00000006c1400000, 0x00000006cbf00000, 0x000000076b180000)
  object space 175104K, 44% used [0x00000006c1400000,0x00000006c60a8ae8,0x00000006cbf00000)
 Metaspace       used 9813K, capacity 10064K, committed 10240K, reserved 1058816K
  class space    used 1120K, capacity 1204K, committed 1280K, reserved 1048576K
}
Event: 3.139 GC heap before
{Heap before GC invocations=5 (full 0):
 PSYoungGen      total 272896K, used 272884K [0x000000076b180000, 0x000000077c680000, 0x00000007c0000000)
  eden space 262144K, 100% used [0x000000076b180000,0x000000077b180000,0x000000077b180000)
  from space 10752K, 99% used [0x000000077bc00000,0x000000077c67d168,0x000000077c680000)
  to   space 10752K, 0% used [0x000000077b180000,0x000000077b180000,0x000000077bc00000)
 ParOldGen       total 175104K, used 78498K [0x00000006c1400000, 0x00000006cbf00000, 0x000000076b180000)
  object space 175104K, 44% used [0x00000006c1400000,0x00000006c60a8ae8,0x00000006cbf00000)
 Metaspace       used 9828K, capacity 10064K, committed 10240K, reserved 1058816K
  class space    used 1120K, capacity 1204K, committed 1280K, reserved 1048576K
Event: 3.146 GC heap after
Heap after GC invocations=5 (full 0):
 PSYoungGen      total 272896K, used 10724K [0x000000076b180000, 0x000000077c680000, 0x00000007c0000000)
  eden space 262144K, 0% used [0x000000076b180000,0x000000076b180000,0x000000077b180000)
  from space 10752K, 99% used [0x000000077b180000,0x000000077bbf9158,0x000000077bc00000)
  to   space 10752K, 0% used [0x000000077bc00000,0x000000077bc00000,0x000000077c680000)
 ParOldGen       total 175104K, used 78626K [0x00000006c1400000, 0x00000006cbf00000, 0x000000076b180000)
  object space 175104K, 44% used [0x00000006c1400000,0x00000006c60c8ae8,0x00000006cbf00000)
 Metaspace       used 9828K, capacity 10064K, committed 10240K, reserved 1058816K
  class space    used 1120K, capacity 1204K, committed 1280K, reserved 1048576K
}

